2015-06-12 4:35:55 - MOD: Modification Default
FILE: system/engine/action.php
REGEX: ~(require|include)(_once)?\(([^)]+)~
LINE: 58
FILE: system/engine/loader.php
REGEX: ~(require|include)(_once)?\(([^)]+)~
LINE: 20
LINE: 37
LINE: 54
LINE: 65
FILE: system/library/config.php
REGEX: ~(require|include)(_once)?\(([^)]+)~
LINE: 23
FILE: system/library/language.php
REGEX: ~(require|include)(_once)?\(([^)]+)~
LINE: 21
LINE: 27
----------------------------------------------------------------
MOD: Search Category by Plaza Themes
FILE: catalog/controller/common/header.php
CODE: $data['search'] = $this->load->controller('common/search');
LINE: 128
----------------------------------------------------------------
2015-06-20 4:10:26 - MOD: Modification Default
FILE: system/engine/action.php
REGEX: ~(require|include)(_once)?\(([^)]+)~
LINE: 58
FILE: system/engine/loader.php
REGEX: ~(require|include)(_once)?\(([^)]+)~
LINE: 20
LINE: 37
LINE: 54
LINE: 65
FILE: system/library/config.php
REGEX: ~(require|include)(_once)?\(([^)]+)~
LINE: 23
FILE: system/library/language.php
REGEX: ~(require|include)(_once)?\(([^)]+)~
LINE: 21
LINE: 27
----------------------------------------------------------------
MOD: Category Thumbnail by Plaza Themes
FILE: admin/controller/common/menu.php
CODE: $data['category'] = $this->url->link('catalog/category', 'token=' . $this->session->data['token'], 'SSL');
LINE: 118
CODE: $data['text_category'] = $this->language->get('text_category');
LINE: 15
FILE: admin/language/english/common/menu.php
CODE: 'Categories';
LINE: 12
FILE: admin/view/template/common/menu.tpl
CODE: <li><a href="<?php echo $category; ?>"><?php echo $text_category; ?></a></li>
LINE: 4
----------------------------------------------------------------
MOD: Search Category by Plaza Themes
FILE: catalog/controller/common/header.php
CODE: $data['search'] = $this->load->controller('common/search');
LINE: 130
----------------------------------------------------------------
2015-06-20 4:15:37 - MOD: Modification Default
FILE: system/engine/action.php
REGEX: ~(require|include)(_once)?\(([^)]+)~
LINE: 58
FILE: system/engine/loader.php
REGEX: ~(require|include)(_once)?\(([^)]+)~
LINE: 20
LINE: 37
LINE: 54
LINE: 65
FILE: system/library/config.php
REGEX: ~(require|include)(_once)?\(([^)]+)~
LINE: 23
FILE: system/library/language.php
REGEX: ~(require|include)(_once)?\(([^)]+)~
LINE: 21
LINE: 27
----------------------------------------------------------------
MOD: Category Thumbnail by Plaza Themes
FILE: admin/controller/common/menu.php
CODE: $data['category'] = $this->url->link('catalog/category', 'token=' . $this->session->data['token'], 'SSL');
LINE: 118
CODE: $data['text_category'] = $this->language->get('text_category');
LINE: 15
FILE: admin/language/english/common/menu.php
CODE: 'Categories';
LINE: 12
FILE: admin/view/template/common/menu.tpl
CODE: <li><a href="<?php echo $category; ?>"><?php echo $text_category; ?></a></li>
LINE: 4
----------------------------------------------------------------
MOD: Layered Navigation Ajax by Plaza Themes
FILE: catalog/controller/product/category.php
CODE: if (file_exists(DIR_TEMPLATE . $this->config->get('config_template') . '/template/product/category.tpl')) {
LINE: 376
CODE: $this->response->setOutput($this->load->view('default/template/product/category.tpl', $data));
LINE: 382
CODE: $pagination->url = $this->url->link('product/category', 'path=' . $this->request->get['path'] . $url . '&page={page}');
LINE: 345
FILE: catalog/model/catalog/product.php
CODE: if (!empty($data['filter_manufacturer_id'])) {
LINE: 151
LINE: 504
----------------------------------------------------------------
MOD: Search Category by Plaza Themes
FILE: catalog/controller/common/header.php
CODE: $data['search'] = $this->load->controller('common/search');
LINE: 130
----------------------------------------------------------------
2015-06-22 17:53:54 - MOD: Modification Default
FILE: system/engine/action.php
REGEX: ~(require|include)(_once)?\(([^)]+)~
LINE: 58
FILE: system/engine/loader.php
REGEX: ~(require|include)(_once)?\(([^)]+)~
LINE: 20
LINE: 37
LINE: 54
LINE: 65
FILE: system/library/config.php
REGEX: ~(require|include)(_once)?\(([^)]+)~
LINE: 23
FILE: system/library/language.php
REGEX: ~(require|include)(_once)?\(([^)]+)~
LINE: 21
LINE: 27
----------------------------------------------------------------
MOD: Search Category by Plaza Themes
FILE: catalog/controller/common/header.php
CODE: $data['search'] = $this->load->controller('common/search');
LINE: 130
----------------------------------------------------------------
2015-06-22 17:55:00 - MOD: Modification Default
FILE: system/engine/action.php
REGEX: ~(require|include)(_once)?\(([^)]+)~
LINE: 58
FILE: system/engine/loader.php
REGEX: ~(require|include)(_once)?\(([^)]+)~
LINE: 20
LINE: 37
LINE: 54
LINE: 65
FILE: system/library/config.php
REGEX: ~(require|include)(_once)?\(([^)]+)~
LINE: 23
FILE: system/library/language.php
REGEX: ~(require|include)(_once)?\(([^)]+)~
LINE: 21
LINE: 27
----------------------------------------------------------------
MOD: Category Thumbnail by Plaza Themes
FILE: admin/controller/common/menu.php
CODE: $data['category'] = $this->url->link('catalog/category', 'token=' . $this->session->data['token'], 'SSL');
LINE: 117
CODE: $data['text_category'] = $this->language->get('text_category');
LINE: 16
FILE: admin/language/english/common/menu.php
CODE: 'Categories';
LINE: 12
FILE: admin/view/template/common/menu.tpl
CODE: <li><a href="<?php echo $category; ?>"><?php echo $text_category; ?></a></li>
LINE: 4
----------------------------------------------------------------
MOD: Search Category by Plaza Themes
FILE: catalog/controller/common/header.php
CODE: $data['search'] = $this->load->controller('common/search');
LINE: 130
----------------------------------------------------------------
2015-06-23 6:12:49 - MOD: Modification Default
FILE: system/engine/action.php
REGEX: ~(require|include)(_once)?\(([^)]+)~
LINE: 58
FILE: system/engine/loader.php
REGEX: ~(require|include)(_once)?\(([^)]+)~
LINE: 20
LINE: 37
LINE: 54
LINE: 65
FILE: system/library/config.php
REGEX: ~(require|include)(_once)?\(([^)]+)~
LINE: 23
FILE: system/library/language.php
REGEX: ~(require|include)(_once)?\(([^)]+)~
LINE: 21
LINE: 27
----------------------------------------------------------------
MOD: Category Thumbnail by Plaza Themes
FILE: admin/controller/common/menu.php
CODE: $data['category'] = $this->url->link('catalog/category', 'token=' . $this->session->data['token'], 'SSL');
LINE: 118
CODE: $data['text_category'] = $this->language->get('text_category');
LINE: 17
FILE: admin/language/english/common/menu.php
CODE: 'Categories';
LINE: 12
FILE: admin/view/template/common/menu.tpl
CODE: <li><a href="<?php echo $category; ?>"><?php echo $text_category; ?></a></li>
LINE: 4
----------------------------------------------------------------
MOD: Layered Navigation Ajax by Plaza Themes
FILE: catalog/controller/product/category.php
CODE: if (file_exists(DIR_TEMPLATE . $this->config->get('config_template') . '/template/product/category.tpl')) {
LINE: 376
CODE: $this->response->setOutput($this->load->view('default/template/product/category.tpl', $data));
LINE: 382
CODE: $pagination->url = $this->url->link('product/category', 'path=' . $this->request->get['path'] . $url . '&page={page}');
LINE: 345
FILE: catalog/model/catalog/product.php
CODE: if (!empty($data['filter_manufacturer_id'])) {
LINE: 151
LINE: 504
----------------------------------------------------------------
MOD: Search Category by Plaza Themes
FILE: catalog/controller/common/header.php
CODE: $data['search'] = $this->load->controller('common/search');
LINE: 130
----------------------------------------------------------------
2015-06-24 4:48:33 - MOD: Modification Default
FILE: system/engine/action.php
REGEX: ~(require|include)(_once)?\(([^)]+)~
LINE: 58
FILE: system/engine/loader.php
REGEX: ~(require|include)(_once)?\(([^)]+)~
LINE: 20
LINE: 37
LINE: 54
LINE: 65
FILE: system/library/config.php
REGEX: ~(require|include)(_once)?\(([^)]+)~
LINE: 23
FILE: system/library/language.php
REGEX: ~(require|include)(_once)?\(([^)]+)~
LINE: 21
LINE: 27
----------------------------------------------------------------
MOD: Category Thumbnail by Plaza Themes
FILE: admin/controller/common/menu.php
CODE: $data['category'] = $this->url->link('catalog/category', 'token=' . $this->session->data['token'], 'SSL');
LINE: 118
CODE: $data['text_category'] = $this->language->get('text_category');
LINE: 17
FILE: admin/language/english/common/menu.php
CODE: 'Categories';
LINE: 12
FILE: admin/view/template/common/menu.tpl
CODE: <li><a href="<?php echo $category; ?>"><?php echo $text_category; ?></a></li>
LINE: 4
----------------------------------------------------------------
MOD: Layered Navigation Ajax by Plaza Themes
FILE: catalog/controller/product/category.php
CODE: if (file_exists(DIR_TEMPLATE . $this->config->get('config_template') . '/template/product/category.tpl')) {
LINE: 377
CODE: $this->response->setOutput($this->load->view('default/template/product/category.tpl', $data));
LINE: 383
CODE: $pagination->url = $this->url->link('product/category', 'path=' . $this->request->get['path'] . $url . '&page={page}');
LINE: 346
FILE: catalog/model/catalog/product.php
CODE: if (!empty($data['filter_manufacturer_id'])) {
LINE: 151
LINE: 504
----------------------------------------------------------------
MOD: Search Category by Plaza Themes
FILE: catalog/controller/common/header.php
CODE: $data['search'] = $this->load->controller('common/search');
LINE: 130
----------------------------------------------------------------
2015-06-27 5:56:58 - MOD: Modification Default
FILE: system/engine/action.php
REGEX: ~(require|include)(_once)?\(([^)]+)~
LINE: 58
FILE: system/engine/loader.php
REGEX: ~(require|include)(_once)?\(([^)]+)~
LINE: 20
LINE: 37
LINE: 54
LINE: 65
FILE: system/library/config.php
REGEX: ~(require|include)(_once)?\(([^)]+)~
LINE: 23
FILE: system/library/language.php
REGEX: ~(require|include)(_once)?\(([^)]+)~
LINE: 21
LINE: 27
----------------------------------------------------------------
MOD: Category Thumbnail by Plaza Themes
FILE: admin/controller/common/menu.php
CODE: $data['category'] = $this->url->link('catalog/category', 'token=' . $this->session->data['token'], 'SSL');
LINE: 118
CODE: $data['text_category'] = $this->language->get('text_category');
LINE: 17
FILE: admin/language/english/common/menu.php
CODE: 'Categories';
LINE: 12
FILE: admin/view/template/common/menu.tpl
CODE: <li><a href="<?php echo $category; ?>"><?php echo $text_category; ?></a></li>
LINE: 4
----------------------------------------------------------------
MOD: Layered Navigation Ajax by Plaza Themes
FILE: catalog/controller/product/category.php
CODE: if (file_exists(DIR_TEMPLATE . $this->config->get('config_template') . '/template/product/category.tpl')) {
LINE: 378
CODE: $this->response->setOutput($this->load->view('default/template/product/category.tpl', $data));
LINE: 384
CODE: $pagination->url = $this->url->link('product/category', 'path=' . $this->request->get['path'] . $url . '&page={page}');
LINE: 347
FILE: catalog/model/catalog/product.php
CODE: if (!empty($data['filter_manufacturer_id'])) {
LINE: 151
LINE: 504
----------------------------------------------------------------
MOD: Product Rotator Image by Plaza Themes
FILE: admin/controller/catalog/product.php
CODE: public function index() {
LINE: 10
CODE: $data['entry_image'] = $this->language->get('entry_image');
LINE: 582
CODE: 'sort_order' => $product_image['sort_order']
LINE: 1237
FILE: admin/model/catalog/product.php
CODE: $this->db->query("INSERT INTO " . DB_PREFIX . "product_image SET product_id = '" . (int)$product_id . "', image = '" . $this->db->escape($product_image['image']) . "', sort_order = '" . (int)$product_image['sort_order'] . "'");
LINE: 65
LINE: 203
FILE: admin/view/template/catalog/product_form.tpl
CODE: <td class="text-right"><?php echo $entry_sort_order; ?></td>
LINE: 823
CODE: <td class="text-left"><button type="button" onclick="$('#image-row<?php echo $image_row; ?>').remove();" data-toggle="tooltip" title="<?php echo $button_remove; ?>" class="btn btn-danger"><i class="fa fa-minus-circle"></i></button></td>
LINE: 848
CODE: function addImage() {
LINE: 1375
CODE: $('#images tbody').append(html);
LINE: 1393
CODE: html += '  <td class="text-left"><button type="button" onclick="$(\'#image-row' + image_row  + '\').remove();" data-toggle="tooltip" title="<?php echo $button_remove; ?>" class="btn btn-danger"><i class="fa fa-minus-circle"></i></button></td>';
LINE: 1389
----------------------------------------------------------------
MOD: Search Category by Plaza Themes
FILE: catalog/controller/common/header.php
CODE: $data['search'] = $this->load->controller('common/search');
LINE: 130
----------------------------------------------------------------
2015-06-30 3:11:39 - MOD: Modification Default
FILE: system/engine/action.php
REGEX: ~(require|include)(_once)?\(([^)]+)~
LINE: 58
FILE: system/engine/loader.php
REGEX: ~(require|include)(_once)?\(([^)]+)~
LINE: 20
LINE: 37
LINE: 54
LINE: 65
FILE: system/library/config.php
REGEX: ~(require|include)(_once)?\(([^)]+)~
LINE: 23
FILE: system/library/language.php
REGEX: ~(require|include)(_once)?\(([^)]+)~
LINE: 21
LINE: 27
----------------------------------------------------------------
MOD: Category Thumbnail by Plaza Themes
FILE: admin/controller/common/menu.php
CODE: $data['category'] = $this->url->link('catalog/category', 'token=' . $this->session->data['token'], 'SSL');
LINE: 118
CODE: $data['text_category'] = $this->language->get('text_category');
LINE: 17
FILE: admin/language/english/common/menu.php
CODE: 'Categories';
LINE: 12
FILE: admin/view/template/common/menu.tpl
CODE: <li><a href="<?php echo $category; ?>"><?php echo $text_category; ?></a></li>
LINE: 4
----------------------------------------------------------------
MOD: Product Rotator Image by Plaza Themes
FILE: admin/controller/catalog/product.php
CODE: public function index() {
LINE: 10
CODE: $data['entry_image'] = $this->language->get('entry_image');
LINE: 582
CODE: 'sort_order' => $product_image['sort_order']
LINE: 1237
FILE: admin/model/catalog/product.php
CODE: $this->db->query("INSERT INTO " . DB_PREFIX . "product_image SET product_id = '" . (int)$product_id . "', image = '" . $this->db->escape($product_image['image']) . "', sort_order = '" . (int)$product_image['sort_order'] . "'");
LINE: 65
LINE: 203
FILE: admin/view/template/catalog/product_form.tpl
CODE: <td class="text-right"><?php echo $entry_sort_order; ?></td>
LINE: 823
CODE: <td class="text-left"><button type="button" onclick="$('#image-row<?php echo $image_row; ?>').remove();" data-toggle="tooltip" title="<?php echo $button_remove; ?>" class="btn btn-danger"><i class="fa fa-minus-circle"></i></button></td>
LINE: 848
CODE: function addImage() {
LINE: 1375
CODE: $('#images tbody').append(html);
LINE: 1393
CODE: html += '  <td class="text-left"><button type="button" onclick="$(\'#image-row' + image_row  + '\').remove();" data-toggle="tooltip" title="<?php echo $button_remove; ?>" class="btn btn-danger"><i class="fa fa-minus-circle"></i></button></td>';
LINE: 1389
----------------------------------------------------------------
MOD: Search Category by Plaza Themes
FILE: catalog/controller/common/header.php
CODE: $data['search'] = $this->load->controller('common/search');
LINE: 130
----------------------------------------------------------------
2015-06-30 3:12:34 - MOD: Modification Default
FILE: system/engine/action.php
REGEX: ~(require|include)(_once)?\(([^)]+)~
LINE: 58
FILE: system/engine/loader.php
REGEX: ~(require|include)(_once)?\(([^)]+)~
LINE: 20
LINE: 37
LINE: 54
LINE: 65
FILE: system/library/config.php
REGEX: ~(require|include)(_once)?\(([^)]+)~
LINE: 23
FILE: system/library/language.php
REGEX: ~(require|include)(_once)?\(([^)]+)~
LINE: 21
LINE: 27
----------------------------------------------------------------
MOD: Category Thumbnail by Plaza Themes
FILE: admin/controller/common/menu.php
CODE: $data['category'] = $this->url->link('catalog/category', 'token=' . $this->session->data['token'], 'SSL');
LINE: 118
CODE: $data['text_category'] = $this->language->get('text_category');
LINE: 17
FILE: admin/language/english/common/menu.php
CODE: 'Categories';
LINE: 12
FILE: admin/view/template/common/menu.tpl
CODE: <li><a href="<?php echo $category; ?>"><?php echo $text_category; ?></a></li>
LINE: 4
----------------------------------------------------------------
MOD: Layered Navigation Ajax by Plaza Themes
FILE: catalog/controller/product/category.php
CODE: if (file_exists(DIR_TEMPLATE . $this->config->get('config_template') . '/template/product/category.tpl')) {
LINE: 401
CODE: $this->response->setOutput($this->load->view('default/template/product/category.tpl', $data));
LINE: 407
CODE: $pagination->url = $this->url->link('product/category', 'path=' . $this->request->get['path'] . $url . '&page={page}');
LINE: 370
FILE: catalog/model/catalog/product.php
CODE: if (!empty($data['filter_manufacturer_id'])) {
LINE: 151
LINE: 504
----------------------------------------------------------------
MOD: Product Rotator Image by Plaza Themes
FILE: admin/controller/catalog/product.php
CODE: public function index() {
LINE: 10
CODE: $data['entry_image'] = $this->language->get('entry_image');
LINE: 582
CODE: 'sort_order' => $product_image['sort_order']
LINE: 1237
FILE: admin/model/catalog/product.php
CODE: $this->db->query("INSERT INTO " . DB_PREFIX . "product_image SET product_id = '" . (int)$product_id . "', image = '" . $this->db->escape($product_image['image']) . "', sort_order = '" . (int)$product_image['sort_order'] . "'");
LINE: 65
LINE: 203
FILE: admin/view/template/catalog/product_form.tpl
CODE: <td class="text-right"><?php echo $entry_sort_order; ?></td>
LINE: 823
CODE: <td class="text-left"><button type="button" onclick="$('#image-row<?php echo $image_row; ?>').remove();" data-toggle="tooltip" title="<?php echo $button_remove; ?>" class="btn btn-danger"><i class="fa fa-minus-circle"></i></button></td>
LINE: 848
CODE: function addImage() {
LINE: 1375
CODE: $('#images tbody').append(html);
LINE: 1393
CODE: html += '  <td class="text-left"><button type="button" onclick="$(\'#image-row' + image_row  + '\').remove();" data-toggle="tooltip" title="<?php echo $button_remove; ?>" class="btn btn-danger"><i class="fa fa-minus-circle"></i></button></td>';
LINE: 1389
----------------------------------------------------------------
MOD: Search Category by Plaza Themes
FILE: catalog/controller/common/header.php
CODE: $data['search'] = $this->load->controller('common/search');
LINE: 130
----------------------------------------------------------------
2015-07-01 10:35:43 - MOD: Modification Default
FILE: system/engine/action.php
REGEX: ~(require|include)(_once)?\(([^)]+)~
LINE: 58
FILE: system/engine/loader.php
REGEX: ~(require|include)(_once)?\(([^)]+)~
LINE: 20
LINE: 37
LINE: 54
LINE: 65
FILE: system/library/config.php
REGEX: ~(require|include)(_once)?\(([^)]+)~
LINE: 23
FILE: system/library/language.php
REGEX: ~(require|include)(_once)?\(([^)]+)~
LINE: 21
LINE: 27
----------------------------------------------------------------
MOD: Category Thumbnail by Plaza Themes
FILE: admin/controller/common/menu.php
CODE: $data['category'] = $this->url->link('catalog/category', 'token=' . $this->session->data['token'], 'SSL');
LINE: 118
CODE: $data['text_category'] = $this->language->get('text_category');
LINE: 17
FILE: admin/language/english/common/menu.php
CODE: 'Categories';
LINE: 12
FILE: admin/view/template/common/menu.tpl
CODE: <li><a href="<?php echo $category; ?>"><?php echo $text_category; ?></a></li>
LINE: 4
----------------------------------------------------------------
MOD: Product Rotator Image by Plaza Themes
FILE: admin/controller/catalog/product.php
CODE: public function index() {
LINE: 10
CODE: $data['entry_image'] = $this->language->get('entry_image');
LINE: 582
CODE: 'sort_order' => $product_image['sort_order']
LINE: 1237
FILE: admin/model/catalog/product.php
CODE: $this->db->query("INSERT INTO " . DB_PREFIX . "product_image SET product_id = '" . (int)$product_id . "', image = '" . $this->db->escape($product_image['image']) . "', sort_order = '" . (int)$product_image['sort_order'] . "'");
LINE: 65
LINE: 203
FILE: admin/view/template/catalog/product_form.tpl
CODE: <td class="text-right"><?php echo $entry_sort_order; ?></td>
LINE: 823
CODE: <td class="text-left"><button type="button" onclick="$('#image-row<?php echo $image_row; ?>').remove();" data-toggle="tooltip" title="<?php echo $button_remove; ?>" class="btn btn-danger"><i class="fa fa-minus-circle"></i></button></td>
LINE: 848
CODE: function addImage() {
LINE: 1375
CODE: $('#images tbody').append(html);
LINE: 1393
CODE: html += '  <td class="text-left"><button type="button" onclick="$(\'#image-row' + image_row  + '\').remove();" data-toggle="tooltip" title="<?php echo $button_remove; ?>" class="btn btn-danger"><i class="fa fa-minus-circle"></i></button></td>';
LINE: 1389
----------------------------------------------------------------
MOD: Search Category by Plaza Themes
FILE: catalog/controller/common/header.php
CODE: $data['search'] = $this->load->controller('common/search');
LINE: 130
----------------------------------------------------------------
2015-07-01 10:35:54 - MOD: Modification Default
FILE: system/engine/action.php
REGEX: ~(require|include)(_once)?\(([^)]+)~
LINE: 58
FILE: system/engine/loader.php
REGEX: ~(require|include)(_once)?\(([^)]+)~
LINE: 20
LINE: 37
LINE: 54
LINE: 65
FILE: system/library/config.php
REGEX: ~(require|include)(_once)?\(([^)]+)~
LINE: 23
FILE: system/library/language.php
REGEX: ~(require|include)(_once)?\(([^)]+)~
LINE: 21
LINE: 27
----------------------------------------------------------------
MOD: Category Thumbnail by Plaza Themes
FILE: admin/controller/common/menu.php
CODE: $data['category'] = $this->url->link('catalog/category', 'token=' . $this->session->data['token'], 'SSL');
LINE: 118
CODE: $data['text_category'] = $this->language->get('text_category');
LINE: 17
FILE: admin/language/english/common/menu.php
CODE: 'Categories';
LINE: 12
FILE: admin/view/template/common/menu.tpl
CODE: <li><a href="<?php echo $category; ?>"><?php echo $text_category; ?></a></li>
LINE: 4
----------------------------------------------------------------
MOD: Layered Navigation Ajax by Plaza Themes
FILE: catalog/controller/product/category.php
CODE: if (file_exists(DIR_TEMPLATE . $this->config->get('config_template') . '/template/product/category.tpl')) {
LINE: 401
CODE: $this->response->setOutput($this->load->view('default/template/product/category.tpl', $data));
LINE: 407
CODE: $pagination->url = $this->url->link('product/category', 'path=' . $this->request->get['path'] . $url . '&page={page}');
LINE: 370
FILE: catalog/model/catalog/product.php
CODE: if (!empty($data['filter_manufacturer_id'])) {
LINE: 151
LINE: 504
----------------------------------------------------------------
MOD: Product Rotator Image by Plaza Themes
FILE: admin/controller/catalog/product.php
CODE: public function index() {
LINE: 10
CODE: $data['entry_image'] = $this->language->get('entry_image');
LINE: 582
CODE: 'sort_order' => $product_image['sort_order']
LINE: 1237
FILE: admin/model/catalog/product.php
CODE: $this->db->query("INSERT INTO " . DB_PREFIX . "product_image SET product_id = '" . (int)$product_id . "', image = '" . $this->db->escape($product_image['image']) . "', sort_order = '" . (int)$product_image['sort_order'] . "'");
LINE: 65
LINE: 203
FILE: admin/view/template/catalog/product_form.tpl
CODE: <td class="text-right"><?php echo $entry_sort_order; ?></td>
LINE: 823
CODE: <td class="text-left"><button type="button" onclick="$('#image-row<?php echo $image_row; ?>').remove();" data-toggle="tooltip" title="<?php echo $button_remove; ?>" class="btn btn-danger"><i class="fa fa-minus-circle"></i></button></td>
LINE: 848
CODE: function addImage() {
LINE: 1375
CODE: $('#images tbody').append(html);
LINE: 1393
CODE: html += '  <td class="text-left"><button type="button" onclick="$(\'#image-row' + image_row  + '\').remove();" data-toggle="tooltip" title="<?php echo $button_remove; ?>" class="btn btn-danger"><i class="fa fa-minus-circle"></i></button></td>';
LINE: 1389
----------------------------------------------------------------
MOD: Search Category by Plaza Themes
FILE: catalog/controller/common/header.php
CODE: $data['search'] = $this->load->controller('common/search');
LINE: 130
----------------------------------------------------------------
2015-07-01 10:36:59 - MOD: Modification Default
FILE: system/engine/action.php
REGEX: ~(require|include)(_once)?\(([^)]+)~
LINE: 58
FILE: system/engine/loader.php
REGEX: ~(require|include)(_once)?\(([^)]+)~
LINE: 20
LINE: 37
LINE: 54
LINE: 65
FILE: system/library/config.php
REGEX: ~(require|include)(_once)?\(([^)]+)~
LINE: 23
FILE: system/library/language.php
REGEX: ~(require|include)(_once)?\(([^)]+)~
LINE: 21
LINE: 27
----------------------------------------------------------------
MOD: Category Thumbnail by Plaza Themes
FILE: admin/controller/common/menu.php
CODE: $data['category'] = $this->url->link('catalog/category', 'token=' . $this->session->data['token'], 'SSL');
LINE: 118
CODE: $data['text_category'] = $this->language->get('text_category');
LINE: 17
FILE: admin/language/english/common/menu.php
CODE: 'Categories';
LINE: 12
FILE: admin/view/template/common/menu.tpl
CODE: <li><a href="<?php echo $category; ?>"><?php echo $text_category; ?></a></li>
LINE: 4
----------------------------------------------------------------
MOD: Product Rotator Image by Plaza Themes
FILE: admin/controller/catalog/product.php
CODE: public function index() {
LINE: 10
CODE: $data['entry_image'] = $this->language->get('entry_image');
LINE: 582
CODE: 'sort_order' => $product_image['sort_order']
LINE: 1237
FILE: admin/model/catalog/product.php
CODE: $this->db->query("INSERT INTO " . DB_PREFIX . "product_image SET product_id = '" . (int)$product_id . "', image = '" . $this->db->escape($product_image['image']) . "', sort_order = '" . (int)$product_image['sort_order'] . "'");
LINE: 65
LINE: 203
FILE: admin/view/template/catalog/product_form.tpl
CODE: <td class="text-right"><?php echo $entry_sort_order; ?></td>
LINE: 823
CODE: <td class="text-left"><button type="button" onclick="$('#image-row<?php echo $image_row; ?>').remove();" data-toggle="tooltip" title="<?php echo $button_remove; ?>" class="btn btn-danger"><i class="fa fa-minus-circle"></i></button></td>
LINE: 848
CODE: function addImage() {
LINE: 1375
CODE: $('#images tbody').append(html);
LINE: 1393
CODE: html += '  <td class="text-left"><button type="button" onclick="$(\'#image-row' + image_row  + '\').remove();" data-toggle="tooltip" title="<?php echo $button_remove; ?>" class="btn btn-danger"><i class="fa fa-minus-circle"></i></button></td>';
LINE: 1389
----------------------------------------------------------------
MOD: Search Category by Plaza Themes
FILE: catalog/controller/common/header.php
CODE: $data['search'] = $this->load->controller('common/search');
LINE: 130
----------------------------------------------------------------
2015-07-01 10:37:10 - MOD: Modification Default
FILE: system/engine/action.php
REGEX: ~(require|include)(_once)?\(([^)]+)~
LINE: 58
FILE: system/engine/loader.php
REGEX: ~(require|include)(_once)?\(([^)]+)~
LINE: 20
LINE: 37
LINE: 54
LINE: 65
FILE: system/library/config.php
REGEX: ~(require|include)(_once)?\(([^)]+)~
LINE: 23
FILE: system/library/language.php
REGEX: ~(require|include)(_once)?\(([^)]+)~
LINE: 21
LINE: 27
----------------------------------------------------------------
MOD: Category Thumbnail by Plaza Themes
FILE: admin/controller/common/menu.php
CODE: $data['category'] = $this->url->link('catalog/category', 'token=' . $this->session->data['token'], 'SSL');
LINE: 118
CODE: $data['text_category'] = $this->language->get('text_category');
LINE: 17
FILE: admin/language/english/common/menu.php
CODE: 'Categories';
LINE: 12
FILE: admin/view/template/common/menu.tpl
CODE: <li><a href="<?php echo $category; ?>"><?php echo $text_category; ?></a></li>
LINE: 4
----------------------------------------------------------------
MOD: Layered Navigation Ajax by Plaza Themes
FILE: catalog/controller/product/category.php
CODE: if (file_exists(DIR_TEMPLATE . $this->config->get('config_template') . '/template/product/category.tpl')) {
LINE: 424
CODE: $this->response->setOutput($this->load->view('default/template/product/category.tpl', $data));
LINE: 430
CODE: $pagination->url = $this->url->link('product/category', 'path=' . $this->request->get['path'] . $url . '&page={page}');
LINE: 393
FILE: catalog/model/catalog/product.php
CODE: if (!empty($data['filter_manufacturer_id'])) {
LINE: 151
LINE: 504
----------------------------------------------------------------
MOD: Product Rotator Image by Plaza Themes
FILE: admin/controller/catalog/product.php
CODE: public function index() {
LINE: 10
CODE: $data['entry_image'] = $this->language->get('entry_image');
LINE: 582
CODE: 'sort_order' => $product_image['sort_order']
LINE: 1237
FILE: admin/model/catalog/product.php
CODE: $this->db->query("INSERT INTO " . DB_PREFIX . "product_image SET product_id = '" . (int)$product_id . "', image = '" . $this->db->escape($product_image['image']) . "', sort_order = '" . (int)$product_image['sort_order'] . "'");
LINE: 65
LINE: 203
FILE: admin/view/template/catalog/product_form.tpl
CODE: <td class="text-right"><?php echo $entry_sort_order; ?></td>
LINE: 823
CODE: <td class="text-left"><button type="button" onclick="$('#image-row<?php echo $image_row; ?>').remove();" data-toggle="tooltip" title="<?php echo $button_remove; ?>" class="btn btn-danger"><i class="fa fa-minus-circle"></i></button></td>
LINE: 848
CODE: function addImage() {
LINE: 1375
CODE: $('#images tbody').append(html);
LINE: 1393
CODE: html += '  <td class="text-left"><button type="button" onclick="$(\'#image-row' + image_row  + '\').remove();" data-toggle="tooltip" title="<?php echo $button_remove; ?>" class="btn btn-danger"><i class="fa fa-minus-circle"></i></button></td>';
LINE: 1389
----------------------------------------------------------------
MOD: Search Category by Plaza Themes
FILE: catalog/controller/common/header.php
CODE: $data['search'] = $this->load->controller('common/search');
LINE: 130
----------------------------------------------------------------
